<?xml version="1.0" encoding="UTF-8"?>
<!-- Generated by org.testng.reporters.JUnitReportReporter -->
<testsuite name="automationFramework.Disclosure" tests="1" time="27.881" ignored="0" failures="0" timestamp="27 Jan 2017 01:03:58 GMT" skipped="0" hostname="Lorens-iMac.local" errors="0">
  <testcase name="main" time="27.881" classname="automationFramework.Disclosure"/>
</testsuite> <!-- automationFramework.Disclosure -->
