<?xml version="1.0" encoding="UTF-8"?>
<!-- Generated by org.testng.reporters.JUnitReportReporter -->
<testsuite name="automationFramework.TwitterTesting" tests="1" time="61.304" ignored="0" failures="0" timestamp="28 Jan 2017 22:27:39 GMT" skipped="0" hostname="Lorens-iMac.local" errors="0">
  <testcase name="main" time="61.304" classname="automationFramework.TwitterTesting"/>
</testsuite> <!-- automationFramework.TwitterTesting -->
